<?xml version="1.0" encoding="UTF-8"?>
<!-- Generated by org.testng.reporters.JUnitReportReporter -->
<testsuite hostname="DESKTOP-LFI4QP4" failures="0" tests="1" name="com.bridgelabz.GetTest" time="2.437" errors="0" timestamp="2022-02-21T09:07:48 IST" skipped="0">
  <testcase classname="com.bridgelabz.GetTest" name="getTest" time="2.437"/>
  <system-out/>
</testsuite> <!-- com.bridgelabz.GetTest -->
