<?xml version="1.0" encoding="UTF-8"?>
<!-- Generated by org.testng.reporters.JUnitReportReporter -->
<testsuite hostname="DESKTOP-LFI4QP4" failures="0" tests="1" name="com.bridgelabz.TestApi" time="1.265" errors="0" timestamp="2022-02-21T10:01:04 IST" skipped="0">
  <testcase classname="com.bridgelabz.TestApi" name="getTest" time="1.265"/>
  <system-out/>
</testsuite> <!-- com.bridgelabz.TestApi -->
